<?xml version="1.0" encoding="utf-8"?><testsuites><testsuite errors="0" failures="0" hostname="db12901334a0" name="pytest" skipped="0" tests="2" time="0.805" timestamp="2024-03-13T21:41:09.522848"><testcase classname="tests.test_app" name="test_lister_livres_page" time="0.091" /><testcase classname="tests.test_app" name="test_home_page" time="0.018" /></testsuite></testsuites>